0 info it worked if it ends with ok
1 verbose cli [ '/usr/local/bin/node',
1 verbose cli   '/usr/local/bin/npm',
1 verbose cli   'run',
1 verbose cli   'build-prod' ]
2 info using npm@3.10.9
3 info using node@v6.9.2
4 verbose run-script [ 'prebuild-prod', 'build-prod', 'postbuild-prod' ]
5 info lifecycle CoAXs-React@0.1.0~prebuild-prod: CoAXs-React@0.1.0
6 silly lifecycle CoAXs-React@0.1.0~prebuild-prod: no script for prebuild-prod, continuing
7 info lifecycle CoAXs-React@0.1.0~build-prod: CoAXs-React@0.1.0
8 verbose lifecycle CoAXs-React@0.1.0~build-prod: unsafe-perm in lifecycle true
9 verbose lifecycle CoAXs-React@0.1.0~build-prod: PATH: /usr/local/lib/node_modules/npm/bin/node-gyp-bin:/Users/xinzheng/coaxReact/node_modules/.bin:/usr/local/bin:/usr/bin:/bin:/usr/sbin:/sbin:/usr/local/bin
10 verbose lifecycle CoAXs-React@0.1.0~build-prod: CWD: /Users/xinzheng/coaxReact
11 silly lifecycle CoAXs-React@0.1.0~build-prod: Args: [ '-c', 'webpack -p --config webpack.prod.config.js' ]
12 silly lifecycle CoAXs-React@0.1.0~build-prod: Returned: code: 1  signal: null
13 info lifecycle CoAXs-React@0.1.0~build-prod: Failed to exec build-prod script
14 verbose stack Error: CoAXs-React@0.1.0 build-prod: `webpack -p --config webpack.prod.config.js`
14 verbose stack Exit status 1
14 verbose stack     at EventEmitter.<anonymous> (/usr/local/lib/node_modules/npm/lib/utils/lifecycle.js:255:16)
14 verbose stack     at emitTwo (events.js:106:13)
14 verbose stack     at EventEmitter.emit (events.js:191:7)
14 verbose stack     at ChildProcess.<anonymous> (/usr/local/lib/node_modules/npm/lib/utils/spawn.js:40:14)
14 verbose stack     at emitTwo (events.js:106:13)
14 verbose stack     at ChildProcess.emit (events.js:191:7)
14 verbose stack     at maybeClose (internal/child_process.js:877:16)
14 verbose stack     at Process.ChildProcess._handle.onexit (internal/child_process.js:226:5)
15 verbose pkgid CoAXs-React@0.1.0
16 verbose cwd /Users/xinzheng/coaxReact
17 error Darwin 16.5.0
18 error argv "/usr/local/bin/node" "/usr/local/bin/npm" "run" "build-prod"
19 error node v6.9.2
20 error npm  v3.10.9
21 error code ELIFECYCLE
22 error CoAXs-React@0.1.0 build-prod: `webpack -p --config webpack.prod.config.js`
22 error Exit status 1
23 error Failed at the CoAXs-React@0.1.0 build-prod script 'webpack -p --config webpack.prod.config.js'.
23 error Make sure you have the latest version of node.js and npm installed.
23 error If you do, this is most likely a problem with the CoAXs-React package,
23 error not with npm itself.
23 error Tell the author that this fails on your system:
23 error     webpack -p --config webpack.prod.config.js
23 error You can get information on how to open an issue for this project with:
23 error     npm bugs CoAXs-React
23 error Or if that isn't available, you can get their info via:
23 error     npm owner ls CoAXs-React
23 error There is likely additional logging output above.
24 verbose exit [ 1, true ]
